[0m14:39:37.509420 [debug] [MainThread]: Sending event: {'category': 'dbt', 'action': 'invocation', 'label': 'start', 'context': [<snowplow_tracker.self_describing_json.SelfDescribingJson object at 0x000001B272604830>, <snowplow_tracker.self_describing_json.SelfDescribingJson object at 0x000001B2726A25A0>, <snowplow_tracker.self_describing_json.SelfDescribingJson object at 0x000001B2716D2DE0>]}


============================== 14:39:37.579626 | 26ba2720-ef54-432d-92b2-9a2fff559d09 ==============================
[0m14:39:37.579626 [info ] [MainThread]: Running with dbt=1.11.7
[0m14:39:37.583445 [debug] [MainThread]: running dbt with arguments {'static_parser': 'True', 'no_print': 'None', 'version_check': 'True', 'target_path': 'None', 'warn_error_options': 'WarnErrorOptionsV2(error=[], warn=[], silence=[])', 'printer_width': '80', 'write_json': 'True', 'empty': 'None', 'log_cache_events': 'False', 'introspect': 'True', 'cache_selected_only': 'False', 'fail_fast': 'False', 'debug': 'False', 'log_format': 'default', 'partial_parse': 'True', 'send_anonymous_usage_stats': 'True', 'quiet': 'False', 'warn_error': 'None', 'profiles_dir': 'C:\\Users\\hp\\.dbt', 'invocation_command': 'dbt init', 'indirect_selection': 'eager', 'use_colors': 'True', 'use_experimental_parser': 'False', 'log_path': 'logs'}
[0m14:39:37.712964 [info ] [MainThread]: Creating dbt configuration folder at C:\Users\hp\.dbt
[0m14:50:59.875021 [debug] [MainThread]: Starter project path: C:\Users\hp\Downloads\Hassan Work\DBT_SNOWFLAKE\.venv\Lib\site-packages\dbt\include\starter_project
[0m14:50:59.921799 [info ] [MainThread]: 
Your new dbt project "dbt_snowflake_practice" was created!

For more information on how to configure the profiles.yml file,
please consult the dbt documentation here:

  https://docs.getdbt.com/docs/configure-your-profile

One more thing:

Need help? Don't hesitate to reach out to us via GitHub issues or on Slack:

  https://community.getdbt.com/

Happy modeling!

[0m14:50:59.923149 [info ] [MainThread]: Setting up your profile.
[0m14:51:15.189218 [debug] [MainThread]: Snowflake adapter: Setting snowflake.connector to ERROR (file logging only)
[0m14:51:15.189218 [debug] [MainThread]: Snowflake adapter: Setting botocore to ERROR (file logging only)
[0m14:51:15.194082 [debug] [MainThread]: Snowflake adapter: Setting boto3 to ERROR (file logging only)
[0m14:57:35.339635 [info ] [MainThread]: Profile dbt_snowflake_practice written to C:\Users\hp\.dbt\profiles.yml using target's profile_template.yml and your supplied values. Run 'dbt debug' to validate the connection.
[0m14:57:35.342182 [debug] [MainThread]: Command `dbt init` succeeded at 14:57:35.342182 after 1078.01 seconds
[0m14:57:35.342182 [debug] [MainThread]: Sending event: {'category': 'dbt', 'action': 'invocation', 'label': 'end', 'context': [<snowplow_tracker.self_describing_json.SelfDescribingJson object at 0x000001B2726A6930>, <snowplow_tracker.self_describing_json.SelfDescribingJson object at 0x000001B275CA5700>, <snowplow_tracker.self_describing_json.SelfDescribingJson object at 0x000001B2749746B0>]}
[0m14:57:35.342182 [debug] [MainThread]: Flushing usage events
[0m14:57:36.700835 [debug] [MainThread]: An error was encountered while trying to flush usage events
